<?xml version="1.0" encoding="UTF-8"?>
<!-- Generated by org.testng.reporters.JUnitReportReporter -->
<testsuite hostname="DESKTOP-LSRFO90" failures="0" tests="1" name="com.test.VerifyGettest" time="3.884" errors="0" timestamp="2023-05-29T12:21:33 IST" skipped="0">
  <testcase classname="com.test.VerifyGettest" name="validation_Get_Method" time="3.884"/>
  <system-out/>
</testsuite> <!-- com.test.VerifyGettest -->
